0 verbose cli /usr/bin/node /mnt/c/Users/Kyle_/scoop/persist/nodejs-lts/bin/node_modules/npm/bin/npm-cli.js
1 info using npm@10.8.1
2 info using node@v18.19.1
3 silly config load:file:/mnt/c/Users/Kyle_/scoop/persist/nodejs-lts/bin/node_modules/npm/npmrc
4 silly config load:file:/home/iselt/Code/chitchatter/.npmrc
5 silly config load:file:/home/iselt/.npmrc
6 silly config load:file:/home/iselt/Code/chitchatter/C:\Users\Kyle_\scoop\persist\nodejs-lts\bin/etc/npmrc
7 verbose title npm exec pretty-quick --staged
8 verbose argv "exec" "--" "pretty-quick" "--staged"
9 verbose logfile logs-max:10 dir:/home/iselt/Code/chitchatter/C:\Users\Kyle_\scoop\persist\nodejs-lts\cache/_logs/2024-09-01T15_45_07_212Z-
10 verbose logfile /home/iselt/Code/chitchatter/C:\Users\Kyle_\scoop\persist\nodejs-lts\cache/_logs/2024-09-01T15_45_07_212Z-debug-0.log
11 silly logfile done cleaning log files
12 http fetch GET 200 https://registry.npmjs.org/npm 555ms
13 verbose cwd /home/iselt/Code/chitchatter
14 verbose os Linux 5.15.153.1-microsoft-standard-WSL2
15 verbose node v18.19.1
16 verbose npm  v10.8.1
17 notice
17 notice New [36mpatch[39m version of npm available! [36m10.8.1[39m -> [34m10.8.3[39m
17 notice Changelog: [34mhttps://github.com/npm/cli/releases/tag/v10.8.3[39m
17 notice To update run: [4mnpm install -g npm@10.8.3[24m
17 notice  { force: true, [Symbol(proc-log.meta)]: true }
18 verbose exit 0
19 info ok
